[info] - ['https://www.dietician.com.tw/qna_info/21', 'https://zh.wikipedia.org/zh-tw/%E7%9B%8A%E7%94%9F%E8%8F%8C', 'https://takecareof.com.tw/supplement/probiotics-recommend/', 'https://health.udn.com/health/story/6008/5063801', 'https://health.tvbs.com.tw/nutrition/325699', 'https://www.longwalk-biotech.com.tw/blog/posts/%E7%9B%8A%E7%94%9F%E8%8F%8C', 'https://www.kskhealth.com/pages/probiotics-recommend', 'https://www.kskhealth.com/pages/probiotics', 'https://heho.com.tw/archives/92371', 'http://blog.vitabox.com.tw/2018/12/why-should-we-be-supplied-in-probiotics/', 'https://heho.com.tw/archives/56441', 'https://www.daikenshop.com/article/how_to_take_probiotics', 'https://www.health-click.com.tw/product/probiotic', 'https://www.momoshop.com.tw/category/DgrpCategory.jsp?d_code=1203300011', 'https://allwealth.com.tw/blog-p200020/', 'https://allwealth.com.tw/blog-p200030/', 'https://www.edh.tw/media_article/536', 'https://eshop.grapeking.com.tw/collections/yijun1', 'https://www.etmall.com.tw/Search?keyword=%E7%9B%8A%E7%94%9F%E8%8F%8C', 'https://ecshweb.pchome.com.tw/search/v3.3/?q=%E7%9B%8A%E7%94%9F%E8%8F%8C', 'https://24h.pchome.com.tw/store/DBAUEO', 'https://tcellkiller.blogspot.com/2015/05/2015-04-24.html', 'https://www.greencome.com.tw/babyprobiotics', 'https://lovefree365.pixnet.net/blog/post/402546542-%E5%90%83%E7%9B%8A%E7%94%9F%E8%8F%8C%E5%89%8D%E4%BD%A0%E6%87%89%E8%A9%B2%E8%A6%81%E7%9F%A5%E9%81%93%E7%9A%84%E4%BA%8B%E3%8A%99%E7%9B%8A%E7%94%9F%E8%8F%8C%E4%BD%95%E6%99%82%E5%90%83', 'https://www.ymmall.com.tw/products/%E3%80%8C%E6%98%8E%E6%98%9F%E5%95%86%E5%93%81%E3%80%8D-%E4%B8%80%E5%AE%B6%E4%BA%BA%E7%9B%8A%E7%94%9F%E8%8F%8C', 'https://www.books.com.tw/products/0010723907', 'https://tw.buy.yahoo.com/?catitemid=54753', 'https://www.pcone.com.tw/search?q=%E7%9B%8A%E7%94%9F%E8%8F%8C&seo=1', 'https://shopping.dradvice.asia/v2/activity/2464?lang=zh-TW', 'https://shopee.tw/%E7%9B%8A%E7%94%9F%E8%8F%8C-tag', 'https://www.biomedimei.com/collections/%E7%9B%8A%E7%94%9F%E8%8F%8C', 'https://www.commonhealth.com.tw/article/article.action?nid=73201', 'https://www.buy123.com.tw/site/search?q=%E7%9B%8A%E7%94%9F%E8%8F%8C', 'https://www.pandababy.com.tw/SalePage/Index/3629408?lang=zh-TW', 'https://www.gnc.com.tw/zh/%E6%A9%9F%E8%83%BD%E9%A4%8A%E7%94%9F_%E8%88%92%E6%95%8F%E9%98%B2%E8%AD%B7/%E6%A9%9F%E8%83%BD%E9%A4%8A%E7%94%9F_%E8%88%92%E6%95%8F%E9%98%B2%E8%AD%B7_%E7%9B%8A%E7%94%9F%E8%8F%8C.html/', 'https://www.tklab.com.tw/pages/functional-food-probiotics', 'https://www.businesstoday.com.tw/article/category/80731/post/202004280040/%E6%8E%8C%E6%8F%A15%E5%8E%9F%E5%89%87%EF%BC%8B%E7%A0%B4%E9%99%A44%E8%BF%B7%E6%80%9D%EF%BC%81%E7%87%9F%E9%A4%8A%E5%B8%AB%E6%95%99%E4%BD%A0%E5%90%83%E5%B0%8D%E7%9B%8A%E7%94%9F%E8%8F%8C%E3%80%80%E8%85%B8%E4%BF%9D%E5%81%A5%E5%BA%B7', 'https://ypps930101.pixnet.net/blog/post/359817485', 'https://www.welldiet.com.tw/pages/%E7%9B%8A%E7%94%9F%E8%8F%8C', 'https://shop.kgcheck.com.tw/column_content.php?column_content_sn=26517', 'http://www.tpms.org.tw/2018/12/27/%E7%B2%BE%E6%BA%96%E4%BD%BF%E7%94%A8%E7%9B%8A%E7%94%9F%E8%8F%8C3%E5%A4%A7%E5%8E%9F%E5%89%87-%E8%83%8E%E5%B9%BC%E5%85%92%E6%9C%9F%E3%80%81%E7%94%9F%E7%97%85%E6%99%82%E3%80%81%E5%80%8B%E4%BA%BA/', 'https://www.marieclaire.com.tw/beauty/health-fitness/49789', 'https://shop.amway.com.tw/%E7%87%9F%E9%A4%8A%E4%BF%9D%E5%81%A5/%E6%A9%9F%E8%83%BD%E4%BF%9D%E5%81%A5%E7%B3%BB%E5%88%97/%E3%80%94%E9%A0%90%E8%A8%882%E6%9C%88%E4%B8%8A%E6%97%AC%E6%81%A2%E5%BE%A9%E4%BE%9B%E8%B2%A8%E3%80%95%E5%BC%B7%E6%95%88%E8%A4%87%E5%90%88%E7%9B%8A%E7%94%9F%E8%8F%8C30%E5%85%A5/p/2781', 'https://askthescientists.com/zh-hant/qa/usana-probiotic/', 'https://www.careonline.com.tw/2017/07/probiotics.html', 'https://www.elle.com/tw/beauty/news/g32165740/2020-skincare-probiotics-collection/', 'https://www.yohopower.tw/blogs/health-note/58564', 'https://www.watsons.com.tw/health-care/intestine-care/c/10490103', 'https://online.carrefour.com.tw/tw/search?key=%E7%9B%8A%E7%94%9F%E8%8F%8C', 'https://shop.greattree.com.tw/greattree/index.php?action=product_search&prod_keyword=%E7%9B%8A%E7%94%9F%E8%8F%8C', 'https://www.mjib.gov.tw/FileUploads/eBooks/f1da2eb7a9fd46e99316db806bd068ac/Section_file/cb965835b56c4e38acb5b5eefa17fb8d.pdf', 'https://www.carloine.com.tw/?lang=zh-TW', 'https://www.letsgojp.com/archives/452243', 'https://www.postmall.com.tw/mallProductList.aspx?kind=777&pkind=2', 'http://www.newbellus.com.tw/index.php?temp=prm&lang=cht', 'https://www.healthwomen.com.tw/lp300qa/', 'https://www.bio-kult.com.tw/news-info.asp?id=293', 'https://www.ftvmall.com.tw/sale/5/1006/', 'https://www.costco.com.tw/Health-Beauty/Vitamins-Herbals-Dietary-Supplements/Dietary-Supplements-Probiotics/MeridLife-Essential-Probiotic-Prebiotic-Senior-Formula-2G-X-60-Packets/p/397716', 'https://www.nongchunxiang.com.tw/product-category/baby/probiotics/', 'https://www.duo-vita.com/products/drhsuprobioticssachet', 'https://anoka.waca.tw/product/detail/490657', 'https://www.storm.mg/lifestyle/811130?page=1', 'https://www.emom.com.tw/special_column.php?special_column_classify_sn=37&special_column_sn=167', 'http://www.kmuh.org.tw/www/kmcj/data/10012/16.htm', 'http://www.atomy.com/tw/home/product/ProductView?GdsCode=W00164', 'https://shop.cosmed.com.tw/v2/official/SalePageCategory/340084?lang=zh-TW', 'https://www.trendyfood.com.tw/pages/%E7%9B%8A%E7%94%9F%E8%8F%8C%E7%9F%A5%E8%AD%98', 'https://www.rakuten.com.tw/search/%E7%9B%8A%E7%94%9F%E8%8F%8C/', 'https://www.twgreengold.com/Promama%E5%A5%BD%E5%A5%BD%E7%B3%BB%E5%88%97', 'https://www.pure17go.com.tw/link/828152/', 'https://sheating.pixnet.net/blog/post/35379763-%E3%80%90%E8%82%B2%E5%85%92%E3%80%91%E5%B8%82%E5%94%AE%E5%B8%B8%E8%A6%8B22%E6%AC%BE%E7%9B%8A%E7%94%9F%E8%8F%8C%E6%AF%94%E8%BC%83%E8%A1%A8%E6%87%B6%E4%BA%BA%E5%8C%85-%E2%80%A7', 'https://www.coa.gov.tw/ws.php?id=21155&print=Y', 'https://timing.91app.com/SalePage/Index/5238868?lang=zh-TW', 'https://helloyishi.com.tw/healthy-living/nutrition/what-are-probiotics-and-prebiotics/', 'https://tw.iherb.com/c/probiotics', 'https://www.synbiotech.com/ProductList.aspx?appname=ProductList', 'https://www.eragoodlife.tv/product/product&product_id=32', 'https://www.popola.co/products/%E4%BA%BA%E7%9A%84%E7%9B%8A%E7%94%9F%E8%8F%8C', 'https://www.funaicare.com/products/funcare-aaa', 'https://www.upmedia.mg/news_info.php?SerialNo=100878', 'https://www.top1health.com/Article/83303', 'https://www.doterra.com/TW/zh_TW/p/pb-assist-jr', 'https://www.nutrimate.com.tw/knowledge/item/599.html', 'https://www.hk01.com/%E5%81%A5%E5%BA%B7/452151/%E7%9B%8A%E7%94%9F%E8%8F%8C-%E5%A2%9E%E5%85%8D%E7%96%AB%E5%8A%9B%E6%94%B9%E5%96%84%E6%8A%91%E9%AC%B1-%E7%9B%8A%E7%94%9F%E8%8F%8C8%E5%A4%A7%E5%A5%BD%E8%99%95%E6%97%A5%E9%A3%9F%E5%B9%BE%E5%A4%9A%E4%B9%B3%E9%85%AA%E8%87%B3%E5%A4%A0', 'https://www.herbalbio.com.tw/zh-tw/product-258824/%E5%96%84%E6%96%B9-reg-%E7%9B%8A%E7%94%9F%E8%8F%8C.html', 'https://www.facebook.com/YMB520/', 'https://drhealth.pixnet.net/blog/post/6397178', 'https://www.vilson.com/v2/official/SalePageCategory/299859?lang=zh-TW', 'https://www.dayhealth.com.tw/blog/probiotics-recommend-brand', 'https://www.thenewslens.com/article/46169', 'https://www.earthfriend.co/blog/%E7%9B%8A%E7%94%9F%E8%8F%8C%E6%80%8E%E9%BA%BC%E9%81%B8', 'https://news.campaign.yahoo.com.tw/lung-health/arti.php?id=9a8f42e0-9dd1-332a-b99d-f3fec542ee62', 'https://www.tci-bio.com/zh-tw/trend/201907-probiotics', 'https://totoyellow.pixnet.net/blog/post/229291100-%E8%A3%9C%E5%85%85%E7%9B%8A%E7%94%9F%E8%8F%8C%E7%9A%84%E5%9F%BA%E6%9C%AC%E8%AA%8D%E8%AD%98', 'https://ezbuy.ettoday.net/news/1646151', 'https://www.bbc.com/ukchina/trad/vert-fut-51208672', 'https://trueterral.com/blog/probiotics-efficacy-eating-method/']
[article] - 1
[url] - https://www.dietician.com.tw/qna_info/21
[complete-h2] - {'rank_page': 1, 'article': '1', 'title': '益生菌是什麼?'}
[complete-h2] - {'rank_page': 1, 'article': '1', 'title': '益生菌功效與作用'}
[complete-h2] - {'rank_page': 1, 'article': '1', 'title': '益生菌挑選方法？'}
[complete-h2] - {'rank_page': 1, 'article': '1', 'title': '益生菌常見問題'}
[complete-h2] - {'rank_page': 1, 'article': '1', 'title': '益生菌品牌推薦？'}
[article] - 2
[url] - https://zh.wikipedia.org/zh-tw/%E7%9B%8A%E7%94%9F%E8%8F%8C
[complete-h2] - {'rank_page': 1, 'article': '2', 'title': '益生菌的食物'}
[article] - 3
[url] - https://takecareof.com.tw/supplement/probiotics-recommend/
[complete-h2] - {'rank_page': 1, 'article': '3', 'title': '5大益生菌功效'}
[complete-h2] - {'rank_page': 1, 'article': '3', 'title': '3大種類益生菌品牌推薦'}
[complete-h2] - {'rank_page': 1, 'article': '3', 'title': '10款益生菌推薦2020排名'}
[complete-h2] - {'rank_page': 1, 'article': '3', 'title': '益生菌怎麼吃？'}
[complete-h2] - {'rank_page': 1, 'article': '3', 'title': '益生菌常見問題'}
[complete-h2] - {'rank_page': 1, 'article': '3', 'title': '8大常見益生菌功效及英文對照'}
[article] - 4
[url] - https://health.udn.com/health/story/6008/5063801
[complete-h2] - {'rank_page': 1, 'article': '4', 'title': '吃益生菌無效恐是吃錯時間'}
[complete-h2] - {'rank_page': 1, 'article': '4', 'title': '益生菌不耐高溫加熱沖泡會降低活菌數'}
[complete-h2] - {'rank_page': 1, 'article': '4', 'title': '益生菌最好單獨服用服用抗生素最好間隔2小時'}
[complete-h2] - {'rank_page': 1, 'article': '4', 'title': '只吃菌不吃蔬果依然無法達到保健效果'}
[complete-h2] - {'rank_page': 1, 'article': '4', 'title': '自製益生菌應嚴格注意操作細節'}
[complete-h2] - {'rank_page': 1, 'article': '4', 'title': '食用益生菌產品避免油炸、燒烤物'}
[complete-h2] - {'rank_page': 1, 'article': '4', 'title': '加強益生菌的活性與數量日常這些食物要多吃'}
[article] - 5
[url] - https://health.tvbs.com.tw/nutrition/325699
[complete-h2] - {'rank_page': 1, 'article': '5', 'title': '選對菌種才能保腸助攻！吃益生菌記住6點'}
[article] - 6
[url] - https://www.longwalk-biotech.com.tw/blog/posts/%E7%9B%8A%E7%94%9F%E8%8F%8C
[complete-h2] - {'rank_page': 1, 'article': '6', 'title': '益生菌是什麼？需要補充益生菌的族群有哪些？'}
[complete-h2] - {'rank_page': 1, 'article': '6', 'title': '益生菌的好處有哪些？盤點5大益生菌功效'}
[complete-h2] - {'rank_page': 1, 'article': '6', 'title': '益生菌怎麼吃？記住5點注意事項，空腹吃最有效'}
[complete-h2] - {'rank_page': 1, 'article': '6', 'title': '市售益生菌比較，怎麼選最安心？'}
[complete-h2] - {'rank_page': 1, 'article': '6', 'title': '益生菌推薦｜通過國家3項認證的多元益菌平衡配方'}
[article] - 7
[url] - https://www.kskhealth.com/pages/probiotics-recommend
[complete-h2] - {'rank_page': 1, 'article': '7', 'title': '如何挑選適合自己的益生菌？2020-12-10'}
[article] - 8
[url] - https://www.kskhealth.com/pages/probiotics
[complete-h2] - {'rank_page': 1, 'article': '8', 'title': '乳酸菌和益生菌有何差別？'}
[complete-h2] - {'rank_page': 1, 'article': '8', 'title': '益生菌的七大迷思'}
[complete-h2] - {'rank_page': 1, 'article': '8', 'title': '2020機能益生菌推薦'}
[complete-h2] - {'rank_page': 1, 'article': '8', 'title': '養成母乳好菌對寶寶的重要性'}
[complete-h2] - {'rank_page': 1, 'article': '8', 'title': '益生菌到底需不需要冰？'}
[complete-h2] - {'rank_page': 1, 'article': '8', 'title': '補好菌 養好菌─益生元的重要性'}
[complete-h2] - {'rank_page': 1, 'article': '8', 'title': '吃益生菌吸收會變好嗎？'}
[complete-h2] - {'rank_page': 1, 'article': '8', 'title': '益生菌可以和加工品一起吃嗎？'}
[complete-h2] - {'rank_page': 1, 'article': '8', 'title': '長期吃益生菌會產生依賴症嗎？'}
[article] - 9
[url] - https://heho.com.tw/archives/92371
[article] - 10
[url] - http://blog.vitabox.com.tw/2018/12/why-should-we-be-supplied-in-probiotics/
[article] - 11
[url] - https://heho.com.tw/archives/56441
[article] - 12
[url] - https://www.daikenshop.com/article/how_to_take_probiotics
[complete-h2] - {'rank_page': 2, 'article': '12', 'title': '益生菌NG吃法一：時間錯誤'}
[complete-h2] - {'rank_page': 2, 'article': '12', 'title': '益生菌NG吃法二：亂搭亂配'}
[complete-h2] - {'rank_page': 2, 'article': '12', 'title': '益生菌NG吃法三：高溫熱飲'}
[complete-h2] - {'rank_page': 2, 'article': '12', 'title': '益生菌NG吃法四：強碰藥物'}
[complete-h2] - {'rank_page': 2, 'article': '12', 'title': '益生菌NG吃法五：想吃就吃'}
[complete-h2] - {'rank_page': 2, 'article': '12', 'title': '益生菌NG吃法六：毫不忌口'}
[complete-h2] - {'rank_page': 2, 'article': '12', 'title': '益生菌NG吃法七：從一而終'}
[complete-h2] - {'rank_page': 2, 'article': '12', 'title': '益生菌NG吃法八：多多益善'}
[article] - 13
[url] - https://www.health-click.com.tw/product/probiotic
[type] - 購物網站
[article] - 15
[url] - https://allwealth.com.tw/blog-p200020/
[complete-h2] - {'rank_page': 2, 'article': '15', 'title': '為什麼要吃益生菌︱吃益生菌的好處'}
[complete-h2] - {'rank_page': 2, 'article': '15', 'title': '益生菌怎麼吃比較好？'}
[complete-h2] - {'rank_page': 2, 'article': '15', 'title': '益生菌何時吃？荃贏全美益生菌隨時攝取好方便'}
[article] - 16
[url] - https://allwealth.com.tw/blog-p200030/
[complete-h2] - {'rank_page': 2, 'article': '16', 'title': '益生菌有哪些種類？'}
[complete-h2] - {'rank_page': 2, 'article': '16', 'title': '這些益生菌對人體的功效'}
[complete-h2] - {'rank_page': 2, 'article': '16', 'title': '不同狀態可以食用哪些益生菌？'}
[complete-h2] - {'rank_page': 2, 'article': '16', 'title': '益生菌？益菌生？你是不是開始傻傻分不清楚了呢？'}
[complete-h2] - {'rank_page': 2, 'article': '16', 'title': '荃贏全美推出的《嚐到健康益生菌》'}
[article] - 17
[url] - https://www.edh.tw/media_article/536
[complete-h2] - {'rank_page': 2, 'article': '17', 'title': '益生菌的好處是什麼？'}
[complete-h2] - {'rank_page': 2, 'article': '17', 'title': '市面常見益生菌'}
[complete-h2] - {'rank_page': 2, 'article': '17', 'title': '益生菌挑選原則'}
[complete-h2] - {'rank_page': 2, 'article': '17', 'title': '腸道菌叢多樣性有助遠離疾病'}
[complete-h2] - {'rank_page': 2, 'article': '17', 'title': '補充益生菌不如從飲食著手'}
[type] - 購物網站
[type] - 購物網站
[type] - 購物網站
[type] - 購物網站
[article] - 22
[url] - https://tcellkiller.blogspot.com/2015/05/2015-04-24.html
[type] - 購物網站
[article] - 24
[url] - https://lovefree365.pixnet.net/blog/post/402546542-%E5%90%83%E7%9B%8A%E7%94%9F%E8%8F%8C%E5%89%8D%E4%BD%A0%E6%87%89%E8%A9%B2%E8%A6%81%E7%9F%A5%E9%81%93%E7%9A%84%E4%BA%8B%E3%8A%99%E7%9B%8A%E7%94%9F%E8%8F%8C%E4%BD%95%E6%99%82%E5%90%83
[complete-h2] - {'rank_page': 3, 'article': '24', 'title': '✿9.益生菌何時吃最好？早上空腹或睡前是最好的時段。'}
[complete-h2] - {'rank_page': 3, 'article': '24', 'title': '✿12.如何挑益生菌？要留意：菌種、菌數及吸收率(存活率)..'}
[complete-h2] - {'rank_page': 3, 'article': '24', 'title': '✿14.除了益生菌，如何打造好腸道？'}
[article] - 25
[url] - https://www.ymmall.com.tw/products/%E3%80%8C%E6%98%8E%E6%98%9F%E5%95%86%E5%93%81%E3%80%8D-%E4%B8%80%E5%AE%B6%E4%BA%BA%E7%9B%8A%E7%94%9F%E8%8F%8C
[type] - 購物網站
[type] - 購物網站
[article] - 27
[url] - https://tw.buy.yahoo.com/?catitemid=54753
[type] - 購物網站
[type] - 購物網站
[type] - 購物網站
[type] - 購物網站
[type] - 購物網站
[article] - 32
[url] - https://www.commonhealth.com.tw/article/article.action?nid=73201
[type] - 購物網站
[type] - 購物網站
[type] - 購物網站
[article] - 36
[url] - https://www.tklab.com.tw/pages/functional-food-probiotics
[complete-h2] - {'rank_page': 4, 'article': '36', 'title': 'Q：益生菌怎麼吃？何時吃？'}
[complete-h2] - {'rank_page': 4, 'article': '36', 'title': 'Q：什麼人適合吃益生菌?'}
[complete-h2] - {'rank_page': 4, 'article': '36', 'title': 'Q：益生菌、乳酸菌、酵素與益生質有什麼不同？'}
[complete-h2] - {'rank_page': 4, 'article': '36', 'title': 'Q：益生菌菌數量，到底要多少億才夠呢？'}
[complete-h2] - {'rank_page': 4, 'article': '36', 'title': 'Q：益生菌中加芽孢乳酸菌有比較好嗎？'}
[complete-h2] - {'rank_page': 4, 'article': '36', 'title': 'Q：益生菌如何挑選？'}
[article] - 37
[url] - https://www.businesstoday.com.tw/article/category/80731/post/202004280040/%E6%8E%8C%E6%8F%A15%E5%8E%9F%E5%89%87%EF%BC%8B%E7%A0%B4%E9%99%A44%E8%BF%B7%E6%80%9D%EF%BC%81%E7%87%9F%E9%A4%8A%E5%B8%AB%E6%95%99%E4%BD%A0%E5%90%83%E5%B0%8D%E7%9B%8A%E7%94%9F%E8%8F%8C%E3%80%80%E8%85%B8%E4%BF%9D%E5%81%A5%E5%BA%B7
[article] - 38
[url] - https://ypps930101.pixnet.net/blog/post/359817485
[article] - 39
[url] - https://www.welldiet.com.tw/pages/%E7%9B%8A%E7%94%9F%E8%8F%8C
[article] - 40
[url] - https://shop.kgcheck.com.tw/column_content.php?column_content_sn=26517
[complete-h2] - {'rank_page': 5, 'article': '40', 'title': '乳酸菌≠益生菌'}
[complete-h2] - {'rank_page': 5, 'article': '40', 'title': '「菌種」吃越多越好??錯!錯!錯!'}
[complete-h2] - {'rank_page': 5, 'article': '40', 'title': '「菌數」吃得多不如吃得精!先搞懂需求? 可以調整過敏體質?'}
[complete-h2] - {'rank_page': 5, 'article': '40', 'title': '注意! 吃進無效菌或危險菌!'}
[complete-h2] - {'rank_page': 5, 'article': '40', 'title': '避開有調味的益生菌!'}
[complete-h2] - {'rank_page': 5, 'article': '40', 'title': '益生菌膠囊、粉狀、砂狀、錠劑怎麼挑?'}
[complete-h2] - {'rank_page': 5, 'article': '40', 'title': '菌株來源、認證背書的保障'}
[article] - 41
[url] - http://www.tpms.org.tw/2018/12/27/%E7%B2%BE%E6%BA%96%E4%BD%BF%E7%94%A8%E7%9B%8A%E7%94%9F%E8%8F%8C3%E5%A4%A7%E5%8E%9F%E5%89%87-%E8%83%8E%E5%B9%BC%E5%85%92%E6%9C%9F%E3%80%81%E7%94%9F%E7%97%85%E6%99%82%E3%80%81%E5%80%8B%E4%BA%BA/
[article] - 42
[url] - https://www.marieclaire.com.tw/beauty/health-fitness/49789
[complete-h2] - {'rank_page': 5, 'article': '42', 'title': '天然植物性食物 富含益生菌'}
[complete-h2] - {'rank_page': 5, 'article': '42', 'title': '益生菌是什麼？'}
[complete-h2] - {'rank_page': 5, 'article': '42', 'title': '益生菌有多種促進健康功能'}
[complete-h2] - {'rank_page': 5, 'article': '42', 'title': '益生菌需要冷藏嗎？'}
[complete-h2] - {'rank_page': 5, 'article': '42', 'title': '益生菌最佳服用時機 隨餐、餐後服用'}
[complete-h2] - {'rank_page': 5, 'article': '42', 'title': '3大益生菌NG吃法'}
[complete-h2] - {'rank_page': 5, 'article': '42', 'title': '5招選擇益生菌'}
[type] - 購物網站
[article] - 44
[url] - https://askthescientists.com/zh-hant/qa/usana-probiotic/
[complete-h2] - {'rank_page': 5, 'article': '44', 'title': '益菌對消化系統的健康十分重要'}
[complete-h2] - {'rank_page': 5, 'article': '44', 'title': '用USANA益生菌為您的腸胃細菌帶來均衡'}
[complete-h2] - {'rank_page': 5, 'article': '44', 'title': '關於USANA益生菌的常見問題'}
[article] - 45
[url] - https://www.careonline.com.tw/2017/07/probiotics.html
[article] - 46
[url] - https://www.elle.com/tw/beauty/news/g32165740/2020-skincare-probiotics-collection/
[article] - 47
[url] - https://www.yohopower.tw/blogs/health-note/58564
[complete-h2] - {'rank_page': 5, 'article': '47', 'title': '益生菌是什麼？'}
[complete-h2] - {'rank_page': 5, 'article': '47', 'title': '補充益生菌有何功效與作用？'}
[complete-h2] - {'rank_page': 5, 'article': '47', 'title': '益生菌比較'}
[complete-h2] - {'rank_page': 5, 'article': '47', 'title': '益生菌如何挑選？6大技巧 品牌沒煩惱'}
[complete-h2] - {'rank_page': 5, 'article': '47', 'title': '益生菌推薦｜品牌保證 安心食用'}
[complete-h2] - {'rank_page': 5, 'article': '47', 'title': '益生菌常見問題篇-營養師來解答：'}
[type] - 購物網站
[type] - 購物網站
[article] - 50
[url] - https://shop.greattree.com.tw/greattree/index.php?action=product_search&prod_keyword=%E7%9B%8A%E7%94%9F%E8%8F%8C
[type] - 購物網站
[article] - 51
[url] - https://www.mjib.gov.tw/FileUploads/eBooks/f1da2eb7a9fd46e99316db806bd068ac/Section_file/cb965835b56c4e38acb5b5eefa17fb8d.pdf
[article] - 52
[url] - https://www.carloine.com.tw/?lang=zh-TW
[article] - 53
[url] - https://www.letsgojp.com/archives/452243
[article] - 54
[url] - https://www.postmall.com.tw/mallProductList.aspx?kind=777&pkind=2
[type] - 購物網站
[article] - 55
[url] - http://www.newbellus.com.tw/index.php?temp=prm&lang=cht
[article] - 56
[url] - https://www.healthwomen.com.tw/lp300qa/
[article] - 57
[url] - https://www.bio-kult.com.tw/news-info.asp?id=293
[type] - 購物網站
[type] - 購物網站
[article] - 60
[url] - https://www.nongchunxiang.com.tw/product-category/baby/probiotics/
[type] - 購物網站
[article] - 61
[url] - https://www.duo-vita.com/products/drhsuprobioticssachet
[type] - 購物網站
[article] - 62
[url] - https://anoka.waca.tw/product/detail/490657
[type] - 購物網站
[article] - 63
[url] - https://www.storm.mg/lifestyle/811130?page=1
[complete-h2] - {'rank_page': 7, 'article': '63', 'title': '益生菌竟有這些好處'}
[complete-h2] - {'rank_page': 7, 'article': '63', 'title': '專家所說「菌種、菌數」是什麼意思'}
[complete-h2] - {'rank_page': 7, 'article': '63', 'title': '「菌種、菌數」多寡差別很大嗎'}
[complete-h2] - {'rank_page': 7, 'article': '63', 'title': '傳授四大法則挑選優質益生菌'}
[article] - 64
[url] - https://www.emom.com.tw/special_column.php?special_column_classify_sn=37&special_column_sn=167
[complete-h2] - {'rank_page': 7, 'article': '64', 'title': '益生菌百百款，吃錯了白費！'}
[complete-h2] - {'rank_page': 7, 'article': '64', 'title': '活菌V.S.去活菌差別？'}
[article] - 65
[url] - http://www.kmuh.org.tw/www/kmcj/data/10012/16.htm
[article] - 66
[url] - http://www.atomy.com/tw/home/product/ProductView?GdsCode=W00164
[type] - 購物網站
[article] - 67
[url] - https://shop.cosmed.com.tw/v2/official/SalePageCategory/340084?lang=zh-TW
[article] - 68
[url] - https://www.trendyfood.com.tw/pages/%E7%9B%8A%E7%94%9F%E8%8F%8C%E7%9F%A5%E8%AD%98
[complete-h2] - {'rank_page': 7, 'article': '68', 'title': '由亞洲益生菌權威-蔡英傑博士的研究團隊所研發'}
[type] - 購物網站
[type] - 購物網站
[article] - 71
[url] - https://www.pure17go.com.tw/link/828152/
[article] - 72
[url] - https://sheating.pixnet.net/blog/post/35379763-%E3%80%90%E8%82%B2%E5%85%92%E3%80%91%E5%B8%82%E5%94%AE%E5%B8%B8%E8%A6%8B22%E6%AC%BE%E7%9B%8A%E7%94%9F%E8%8F%8C%E6%AF%94%E8%BC%83%E8%A1%A8%E6%87%B6%E4%BA%BA%E5%8C%85-%E2%80%A7
[article] - 73
[url] - https://www.coa.gov.tw/ws.php?id=21155&print=Y
[article] - 74
[url] - https://timing.91app.com/SalePage/Index/5238868?lang=zh-TW
[article] - 75
[url] - https://helloyishi.com.tw/healthy-living/nutrition/what-are-probiotics-and-prebiotics/
[article] - 76
[url] - https://tw.iherb.com/c/probiotics
[article] - 77
[url] - https://www.synbiotech.com/ProductList.aspx?appname=ProductList
[article] - 78
[url] - https://www.eragoodlife.tv/product/product&product_id=32
[article] - 79
[url] - https://www.popola.co/products/%E4%BA%BA%E7%9A%84%E7%9B%8A%E7%94%9F%E8%8F%8C
[type] - 購物網站
[article] - 80
[url] - https://www.funaicare.com/products/funcare-aaa
[article] - 81
[url] - https://www.upmedia.mg/news_info.php?SerialNo=100878
[complete-h2] - {'rank_page': 9, 'article': '81', 'title': '益生菌百百種！到底怎麼吃才有效？'}
[article] - 82
[url] - https://www.top1health.com/Article/83303
[type] - 購物網站
[article] - 84
[url] - https://www.nutrimate.com.tw/knowledge/item/599.html
[article] - 85
[url] - https://www.hk01.com/%E5%81%A5%E5%BA%B7/452151/%E7%9B%8A%E7%94%9F%E8%8F%8C-%E5%A2%9E%E5%85%8D%E7%96%AB%E5%8A%9B%E6%94%B9%E5%96%84%E6%8A%91%E9%AC%B1-%E7%9B%8A%E7%94%9F%E8%8F%8C8%E5%A4%A7%E5%A5%BD%E8%99%95%E6%97%A5%E9%A3%9F%E5%B9%BE%E5%A4%9A%E4%B9%B3%E9%85%AA%E8%87%B3%E5%A4%A0
[article] - 86
[url] - https://www.herbalbio.com.tw/zh-tw/product-258824/%E5%96%84%E6%96%B9-reg-%E7%9B%8A%E7%94%9F%E8%8F%8C.html
[article] - 87
[url] - https://www.facebook.com/YMB520/
[article] - 88
[url] - https://drhealth.pixnet.net/blog/post/6397178
[type] - 購物網站
[article] - 90
[url] - https://www.dayhealth.com.tw/blog/probiotics-recommend-brand
[complete-h2] - {'rank_page': 10, 'article': '90', 'title': '益生菌是什麼？'}
[complete-h2] - {'rank_page': 10, 'article': '90', 'title': '益生菌到底該怎麼挑選？'}
[complete-h2] - {'rank_page': 10, 'article': '90', 'title': '1.標示的菌數有多少'}
[complete-h2] - {'rank_page': 10, 'article': '90', 'title': '2.益生菌的種類'}
[complete-h2] - {'rank_page': 10, 'article': '90', 'title': '3. 留意是否是專利菌或有菌株編號'}
[complete-h2] - {'rank_page': 10, 'article': '90', 'title': '5.建議選擇粉狀益生菌'}
[complete-h2] - {'rank_page': 10, 'article': '90', 'title': '市售益生菌推薦比較，5 品牌大PK'}
[article] - 91
[url] - https://www.thenewslens.com/article/46169
[article] - 92
[url] - https://www.earthfriend.co/blog/%E7%9B%8A%E7%94%9F%E8%8F%8C%E6%80%8E%E9%BA%BC%E9%81%B8
[article] - 93
[url] - https://news.campaign.yahoo.com.tw/lung-health/arti.php?id=9a8f42e0-9dd1-332a-b99d-f3fec542ee62
[article] - 94
[url] - https://www.tci-bio.com/zh-tw/trend/201907-probiotics
[complete-h2] - {'rank_page': 10, 'article': '94', 'title': '國民健康，從益生菌說起'}
[complete-h2] - {'rank_page': 10, 'article': '94', 'title': '吃喝也要顧腸胃!益生菌市場潛力驚人'}
[complete-h2] - {'rank_page': 10, 'article': '94', 'title': '益生菌正在全球被熱捧，國際品牌大舉進攻'}
[complete-h2] - {'rank_page': 10, 'article': '94', 'title': '研發新焦點:功能性益生菌和生活用品'}
[complete-h2] - {'rank_page': 10, 'article': '94', 'title': '益生菌產品掀起美妝界革命'}
[article] - 95
[url] - https://totoyellow.pixnet.net/blog/post/229291100-%E8%A3%9C%E5%85%85%E7%9B%8A%E7%94%9F%E8%8F%8C%E7%9A%84%E5%9F%BA%E6%9C%AC%E8%AA%8D%E8%AD%98
[article] - 96
[url] - https://ezbuy.ettoday.net/news/1646151
[article] - 97
[url] - https://www.bbc.com/ukchina/trad/vert-fut-51208672
[article] - 98
[url] - https://trueterral.com/blog/probiotics-efficacy-eating-method/
[complete-h2] - {'rank_page': 10, 'article': '98', 'title': '什麼是益生菌？'}
[complete-h2] - {'rank_page': 10, 'article': '98', 'title': '益生菌的四大功效'}
[complete-h2] - {'rank_page': 10, 'article': '98', 'title': '誰需要吃益生菌？'}
[complete-h2] - {'rank_page': 10, 'article': '98', 'title': '益生菌的推薦吃法'}
[complete-h2] - {'rank_page': 10, 'article': '98', 'title': '益生菌有副作用嗎？'}
[complete-h2] - {'rank_page': 10, 'article': '98', 'title': '如何選擇益生菌？'}
